SF:lib/core/exception/repository_exception.dart
DA:6,3
DA:8,0
DA:9,0
DA:10,0
DA:11,0
DA:12,0
DA:13,0
DA:15,0
DA:17,0
DA:21,2
DA:22,2
LF:11
LH:3
end_of_record
SF:lib/features/login/domain/entities/usuario_entity.dart
DA:4,0
LF:1
LH:0
end_of_record
SF:lib/features/login/domain/usecases/login_usecase.dart
DA:8,1
DA:12,1
DA:15,3
DA:16,1
DA:17,1
DA:18,2
DA:26,1
LF:7
LH:7
end_of_record
SF:lib/core/usecases/result.dart
DA:2,6
DA:7,10
DA:9,4
DA:11,4
DA:13,4
DA:19,6
DA:25,3
LF:7
LH:7
end_of_record
SF:lib/core/usecases/usecase.dart
DA:8,7
LF:1
LH:1
end_of_record
SF:lib/features/login/domain/entities/permissoes_entity.dart
DA:2,0
LF:1
LH:0
end_of_record
SF:lib/features/montagem_pizza/domain/entities/pizza_tamanho_entity.dart
DA:6,1
DA:28,2
DA:29,1
DA:30,1
LF:4
LH:4
end_of_record
SF:lib/features/montagem_pizza/domain/entities/sabor_pizza_entity.dart
DA:4,1
DA:14,0
DA:15,0
DA:16,0
DA:17,0
DA:20,0
DA:24,0
DA:27,0
DA:28,0
DA:30,0
DA:31,0
LF:11
LH:1
end_of_record
SF:lib/features/montagem_pizza/domain/entities/tamanho_pizza_entity.dart
DA:10,1
DA:18,0
DA:19,0
DA:20,0
DA:21,0
DA:22,0
DA:23,0
DA:26,0
DA:27,0
DA:30,0
DA:34,2
LF:11
LH:2
end_of_record
SF:lib/features/montagem_pizza/presentation/states/montagem_pizza_state.dart
DA:28,1
DA:35,1
DA:36,2
DA:37,1
DA:39,1
DA:40,2
DA:41,1
DA:42,1
DA:44,0
DA:48,1
DA:49,1
DA:50,0
DA:51,0
DA:52,0
DA:54,1
DA:55,0
DA:56,0
DA:58,1
DA:59,0
DA:60,0
DA:61,0
DA:62,0
DA:63,0
DA:72,2
DA:74,3
DA:75,1
DA:76,2
DA:77,1
DA:81,2
DA:82,1
DA:83,1
DA:84,1
DA:88,2
DA:90,1
DA:95,2
DA:96,1
DA:97,1
DA:98,1
DA:102,1
DA:103,3
DA:104,2
DA:106,1
DA:108,1
DA:109,2
DA:111,0
DA:115,1
DA:116,1
DA:117,2
DA:118,1
DA:119,0
DA:120,0
DA:125,2
DA:126,6
DA:127,1
DA:130,1
DA:131,2
DA:132,5
DA:133,3
DA:138,2
DA:139,2
DA:141,2
DA:143,1
DA:146,0
DA:147,0
DA:148,0
DA:150,0
DA:151,0
DA:153,0
DA:156,0
DA:157,0
DA:158,0
DA:159,0
DA:161,0
DA:162,0
DA:167,0
DA:168,0
DA:169,0
DA:170,0
DA:175,0
DA:176,0
DA:177,0
DA:179,0
DA:182,0
DA:184,0
DA:185,0
DA:190,0
DA:192,0
DA:193,0
DA:198,0
DA:199,0
DA:200,0
DA:202,0
DA:203,0
DA:207,0
DA:208,0
DA:209,0
DA:210,0
DA:211,0
DA:212,0
DA:215,0
DA:216,0
DA:217,0
DA:219,0
DA:223,0
DA:224,0
DA:225,0
DA:226,0
DA:227,0
DA:228,0
DA:231,0
DA:232,0
DA:233,0
DA:235,0
DA:236,0
LF:114
LH:48
end_of_record
SF:lib/features/realizar_pedido/data/models/categoria_model_in.dart
DA:36,0
DA:66,0
DA:68,0
DA:70,0
DA:71,0
DA:72,0
DA:73,0
DA:74,0
DA:75,0
DA:76,0
DA:77,0
DA:78,0
DA:79,0
DA:80,0
DA:81,0
DA:82,0
DA:83,0
DA:84,0
DA:85,0
DA:86,0
DA:87,0
DA:88,0
DA:89,0
DA:90,0
DA:91,0
DA:92,0
DA:93,0
DA:94,0
DA:95,0
DA:96,0
DA:108,0
DA:110,0
DA:112,0
DA:114,0
DA:116,0
DA:118,0
DA:120,0
LF:37
LH:0
end_of_record
SF:lib/features/realizar_pedido/data/models/categoria_model_in.g.dart
DA:9,0
DA:10,0
DA:11,0
DA:12,0
DA:13,0
DA:14,0
DA:15,0
DA:16,0
DA:17,0
DA:18,0
DA:19,0
DA:20,0
DA:21,0
DA:22,0
DA:23,0
DA:24,0
DA:25,0
DA:26,0
DA:27,0
DA:28,0
DA:29,0
DA:30,0
DA:31,0
DA:32,0
DA:33,0
DA:34,0
DA:35,0
DA:36,0
DA:37,0
DA:40,0
DA:41,0
DA:42,0
DA:43,0
DA:44,0
DA:45,0
DA:46,0
DA:47,0
DA:48,0
DA:49,0
DA:50,0
DA:51,0
DA:52,0
DA:53,0
DA:54,0
DA:55,0
DA:56,0
DA:57,0
DA:58,0
DA:59,0
DA:60,0
DA:61,0
DA:62,0
DA:63,0
DA:64,0
DA:65,0
DA:66,0
DA:67,0
DA:68,0
LF:58
LH:0
end_of_record
SF:lib/service_locator.dart
DA:66,3
DA:68,0
DA:69,0
DA:70,0
DA:71,0
DA:74,0
DA:75,0
DA:76,0
DA:77,0
DA:78,0
DA:84,0
DA:85,0
DA:88,0
DA:92,0
DA:93,0
DA:94,0
DA:95,0
DA:96,0
DA:97,0
DA:98,0
DA:99,0
DA:100,0
DA:101,0
DA:102,0
DA:103,0
DA:104,0
DA:105,0
DA:106,0
DA:107,0
DA:108,0
DA:109,0
DA:112,0
DA:113,0
DA:114,0
DA:115,0
DA:117,0
DA:118,0
DA:119,0
DA:120,0
DA:121,0
DA:122,0
DA:123,0
DA:124,0
DA:125,0
DA:126,0
DA:127,0
DA:130,0
DA:131,0
DA:132,0
DA:133,0
LF:50
LH:1
end_of_record
SF:lib/cache_options.dart
DA:4,0
DA:6,0
DA:15,0
LF:3
LH:0
end_of_record
SF:lib/core/exception/datasource_exception.dart
DA:9,1
DA:11,0
DA:12,0
DA:13,0
DA:14,0
DA:15,0
DA:17,0
DA:18,0
DA:19,0
DA:20,0
DA:21,0
DA:23,0
DA:24,0
DA:25,0
DA:27,0
DA:30,0
DA:31,0
DA:32,0
DA:35,0
DA:39,1
DA:40,1
LF:21
LH:3
end_of_record
SF:lib/core/exception/validation_exception.dart
DA:4,0
DA:6,0
DA:8,0
LF:3
LH:0
end_of_record
SF:lib/core/util/dio_logger_interceptor.dart
DA:7,0
DA:9,0
DA:11,0
DA:14,0
DA:15,0
DA:16,0
DA:17,0
DA:18,0
DA:21,0
DA:24,0
DA:26,0
DA:28,0
DA:29,0
DA:30,0
DA:31,0
DA:34,0
DA:37,0
DA:39,0
DA:41,0
DA:42,0
DA:43,0
DA:44,0
DA:47,0
LF:23
LH:0
end_of_record
SF:lib/core/validation/validation_result.dart
DA:5,0
DA:7,0
DA:8,0
DA:10,0
DA:11,0
DA:12,0
LF:6
LH:0
end_of_record
SF:lib/features/chat/data/models/chat_model_in.dart
DA:14,0
DA:22,0
DA:23,0
DA:24,0
DA:25,0
DA:26,0
DA:27,0
DA:30,0
DA:32,0
LF:9
LH:0
end_of_record
SF:lib/features/chat/data/models/chat_model_in.g.dart
DA:9,0
DA:10,0
DA:11,0
DA:12,0
DA:13,0
DA:14,0
DA:17,0
DA:18,0
DA:19,0
DA:20,0
DA:21,0
DA:22,0
DA:23,0
LF:13
LH:0
end_of_record
SF:lib/features/chat/data/models/chat_model_out.dart
DA:14,0
DA:22,0
DA:23,0
DA:24,0
DA:25,0
DA:28,0
DA:30,0
LF:7
LH:0
end_of_record
SF:lib/features/chat/data/models/chat_model_out.g.dart
DA:9,0
DA:10,0
DA:11,0
DA:12,0
DA:13,0
DA:14,0
DA:17,0
DA:18,0
DA:19,0
DA:20,0
DA:21,0
DA:22,0
DA:23,0
LF:13
LH:0
end_of_record
SF:lib/features/chat/domain/entities/chat_connection.dart
DA:9,0
DA:19,0
DA:20,0
DA:23,0
DA:24,0
DA:27,0
DA:30,0
DA:31,0
DA:32,0
DA:36,0
DA:37,0
DA:40,0
LF:12
LH:0
end_of_record
SF:lib/features/chat/data/datasources/chat_datasource_impl.dart
DA:15,0
DA:16,0
DA:17,0
DA:19,0
DA:21,0
DA:24,0
DA:26,0
DA:27,0
DA:30,0
DA:32,0
DA:35,0
DA:39,0
DA:40,0
DA:41,0
DA:43,0
DA:47,0
DA:48,0
DA:49,0
DA:50,0
DA:51,0
DA:52,0
DA:56,0
DA:58,0
LF:23
LH:0
end_of_record
SF:lib/features/common/data/datasources/dio_datasource.dart
DA:7,0
DA:9,0
DA:10,0
DA:13,0
DA:14,0
DA:16,0
DA:19,0
DA:23,0
DA:32,0
DA:40,0
DA:42,0
DA:46,0
DA:55,0
DA:63,0
DA:65,0
DA:69,0
DA:79,0
DA:88,0
DA:90,0
LF:19
LH:0
end_of_record
SF:lib/features/chat/domain/entities/chat_entity.dart
DA:8,0
LF:1
LH:0
end_of_record
SF:lib/features/chat/data/repositories/chat_repository_impl.dart
DA:10,0
DA:14,0
DA:17,0
DA:18,0
DA:20,0
DA:24,0
DA:27,0
DA:28,0
DA:31,0
DA:35,0
DA:38,0
DA:39,0
DA:41,0
DA:45,0
DA:48,0
DA:49,0
DA:50,0
DA:52,0
LF:18
LH:0
end_of_record
SF:lib/features/common/data/datasources/conta_datasource_impl.dart
DA:5,0
DA:7,0
DA:9,0
DA:10,0
DA:11,0
LF:5
LH:0
end_of_record
SF:lib/features/common/data/models/item_pedido_model_in.dart
DA:24,0
DA:42,0
DA:44,0
DA:46,0
DA:47,0
DA:48,0
DA:49,0
DA:50,0
DA:51,0
DA:52,0
DA:53,0
LF:11
LH:0
end_of_record
SF:lib/features/common/data/models/item_pedido_model_in.g.dart
DA:9,0
DA:10,0
DA:11,0
DA:12,0
DA:13,0
DA:14,0
DA:15,0
DA:16,0
DA:17,0
DA:18,0
DA:19,0
DA:20,0
DA:21,0
DA:22,0
DA:23,0
DA:24,0
DA:25,0
DA:28,0
DA:29,0
DA:30,0
DA:31,0
DA:32,0
DA:33,0
DA:34,0
DA:35,0
DA:36,0
DA:37,0
DA:38,0
DA:39,0
DA:40,0
DA:41,0
DA:42,0
DA:43,0
DA:44,0
LF:34
LH:0
end_of_record
SF:lib/features/common/data/datasources/item_pedido_datasource_impl.dart
DA:6,0
DA:8,0
DA:10,0
DA:12,0
DA:16,0
DA:19,0
DA:21,0
DA:23,0
DA:27,0
DA:30,0
DA:32,0
DA:34,0
DA:38,0
LF:13
LH:0
end_of_record
SF:lib/features/common/data/models/cliente_model_in.dart
DA:15,0
DA:25,0
DA:27,0
LF:3
LH:0
end_of_record
SF:lib/features/common/data/models/cliente_model_in.g.dart
DA:9,0
DA:10,0
DA:11,0
DA:12,0
DA:13,0
DA:14,0
DA:15,0
DA:16,0
DA:17,0
DA:20,0
DA:21,0
DA:22,0
DA:23,0
DA:24,0
DA:25,0
DA:26,0
DA:27,0
DA:28,0
LF:18
LH:0
end_of_record
SF:lib/features/common/domain/entities/item_pedido_entity.dart
DA:10,0
LF:1
LH:0
end_of_record
SF:lib/features/common/data/repositories/conta_repository_impl.dart
DA:6,1
DA:10,1
DA:13,2
DA:15,2
LF:4
LH:4
end_of_record
SF:lib/features/common/data/repositories/item_pedido_repository_impl.dart
DA:7,0
DA:11,0
DA:14,0
DA:15,0
DA:17,0
DA:21,0
DA:24,0
DA:25,0
DA:27,0
DA:31,0
DA:34,0
DA:35,0
DA:37,0
LF:13
LH:0
end_of_record
SF:lib/features/common/domain/entities/comanda_entity.dart
DA:8,0
LF:1
LH:0
end_of_record
SF:lib/features/common/domain/entities/conta_entity.dart
DA:25,0
DA:41,0
DA:43,0
DA:44,0
DA:45,0
DA:46,0
DA:47,0
DA:48,0
DA:49,0
DA:56,0
DA:57,0
DA:82,0
DA:95,0
DA:110,0
DA:112,0
DA:115,0
DA:116,0
DA:122,0
DA:137,0
DA:152,0
DA:154,0
DA:157,0
DA:158,0
DA:162,0
DA:174,0
DA:189,0
DA:191,0
DA:196,0
DA:208,0
DA:223,0
DA:225,0
DA:230,0
DA:242,0
DA:257,0
DA:259,0
DA:264,0
DA:276,0
DA:291,0
DA:293,0
LF:39
LH:0
end_of_record
SF:lib/features/common/domain/entities/cliente_entity.dart
DA:10,1
DA:20,0
LF:2
LH:1
end_of_record
SF:lib/features/common/domain/entities/endereco_entity.dart
DA:10,0
DA:18,0
DA:26,0
DA:27,0
DA:28,0
DA:29,0
DA:30,0
DA:31,0
LF:8
LH:0
end_of_record
SF:lib/features/common/domain/entities/pessoa_entity.dart
DA:5,0
DA:10,0
LF:2
LH:0
end_of_record
SF:lib/features/controlar_mesas/domain/entities/mesa_entity.dart
DA:8,0
LF:1
LH:0
end_of_record
SF:lib/features/controlar_delivery/data/models/endereco_delivery_model_in.dart
DA:16,0
DA:25,0
DA:27,0
LF:3
LH:0
end_of_record
SF:lib/features/controlar_delivery/data/models/endereco_delivery_model_in.g.dart
DA:9,0
DA:11,0
DA:12,0
DA:13,0
DA:14,0
DA:15,0
DA:16,0
DA:17,0
DA:18,0
DA:20,0
DA:21,0
DA:23,0
DA:25,0
DA:26,0
DA:27,0
DA:28,0
DA:29,0
DA:30,0
DA:31,0
DA:32,0
LF:20
LH:0
end_of_record
SF:lib/features/configuracoes/domain/entities/configuracoes_entity.dart
DA:8,0
DA:9,0
DA:10,0
DA:11,0
DA:12,0
DA:16,0
DA:17,0
DA:18,0
DA:19,0
LF:9
LH:0
end_of_record
SF:lib/features/controlar_comandas/data/models/comanda_retorno_dto.dart
DA:22,0
DA:37,0
DA:39,0
DA:41,0
DA:42,0
DA:43,0
DA:44,0
DA:46,0
LF:8
LH:0
end_of_record
SF:lib/features/controlar_comandas/data/models/comanda_retorno_dto.g.dart
DA:9,0
DA:10,0
DA:11,0
DA:12,0
DA:13,0
DA:15,0
DA:16,0
DA:17,0
DA:18,0
DA:19,0
DA:20,0
DA:21,0
DA:22,0
DA:23,0
DA:26,0
DA:27,0
DA:28,0
DA:29,0
DA:30,0
DA:31,0
DA:32,0
DA:33,0
DA:35,0
DA:36,0
DA:37,0
DA:38,0
DA:39,0
DA:40,0
LF:28
LH:0
end_of_record
SF:lib/features/controlar_comandas/data/datasources/comanda_datasource_impl.dart
DA:6,0
DA:8,0
DA:10,0
DA:11,0
DA:14,0
DA:16,0
DA:17,0
LF:7
LH:0
end_of_record
SF:lib/features/controlar_comandas/data/models/conta_comanda_retorno_dto.dart
DA:34,0
DA:57,0
DA:59,0
DA:61,0
DA:62,0
DA:63,0
DA:64,0
DA:66,0
DA:67,0
DA:68,0
DA:69,0
DA:70,0
DA:72,0
DA:76,0
DA:78,0
DA:79,0
DA:80,0
DA:83,0
DA:84,0
DA:85,0
DA:86,0
LF:21
LH:0
end_of_record
SF:lib/features/controlar_comandas/data/models/conta_comanda_retorno_dto.g.dart
DA:9,0
DA:11,0
DA:12,0
DA:13,0
DA:15,0
DA:16,0
DA:17,0
DA:18,0
DA:20,0
DA:21,0
DA:22,0
DA:23,0
DA:24,0
DA:25,0
DA:26,0
DA:27,0
DA:28,0
DA:29,0
DA:30,0
DA:31,0
DA:32,0
DA:33,0
DA:34,0
DA:37,0
DA:39,0
DA:40,0
DA:41,0
DA:42,0
DA:43,0
DA:44,0
DA:45,0
DA:46,0
DA:47,0
DA:48,0
DA:49,0
DA:50,0
DA:51,0
DA:52,0
DA:53,0
DA:54,0
DA:55,0
DA:56,0
DA:57,0
DA:58,0
DA:59,0
LF:45
LH:0
end_of_record
SF:lib/features/controlar_comandas/data/datasources/conta_comanda_datasource_impl.dart
DA:6,0
DA:8,0
DA:10,0
DA:12,0
DA:17,0
DA:20,0
DA:22,0
DA:24,0
LF:8
LH:0
end_of_record
SF:lib/features/controlar_comandas/domain/entities/comanda_entity.dart
DA:8,0
LF:1
LH:0
end_of_record
SF:lib/features/controlar_comandas/data/repositories/comanda_repository_impl.dart
DA:7,0
DA:11,0
DA:14,0
DA:15,0
DA:17,0
DA:21,0
DA:24,0
DA:25,0
DA:27,0
LF:9
LH:0
end_of_record
SF:lib/features/controlar_comandas/data/repositories/conta_comanda_repository_impl.dart
DA:7,0
DA:11,0
DA:14,0
DA:15,0
DA:17,0
DA:21,0
DA:24,0
DA:26,0
LF:8
LH:0
end_of_record
SF:lib/features/controlar_delivery/data/models/conta_delivery_model_in.dart
DA:30,0
DA:49,0
DA:51,0
DA:53,0
DA:54,0
DA:55,0
DA:57,0
DA:59,0
DA:62,0
DA:63,0
DA:65,0
DA:66,0
DA:68,0
DA:69,0
DA:70,0
DA:73,0
DA:74,0
DA:75,0
DA:76,0
DA:78,0
DA:79,0
DA:80,0
DA:81,0
DA:82,0
LF:24
LH:0
end_of_record
SF:lib/features/controlar_delivery/data/models/conta_delivery_model_in.g.dart
DA:9,0
DA:11,0
DA:12,0
DA:13,0
DA:14,0
DA:15,0
DA:16,0
DA:18,0
DA:19,0
DA:20,0
DA:21,0
DA:22,0
DA:23,0
DA:24,0
DA:25,0
DA:27,0
DA:28,0
DA:29,0
DA:30,0
DA:31,0
DA:32,0
DA:35,0
DA:37,0
DA:38,0
DA:39,0
DA:40,0
DA:41,0
DA:42,0
DA:43,0
DA:44,0
DA:45,0
DA:46,0
DA:47,0
DA:48,0
DA:49,0
DA:50,0
DA:51,0
DA:52,0
DA:53,0
LF:39
LH:0
end_of_record
SF:lib/features/controlar_delivery/data/datasources/conta_delivery_datasource_impl.dart
DA:6,0
DA:8,0
DA:10,0
DA:11,0
LF:4
LH:0
end_of_record
SF:lib/features/controlar_delivery/data/models/bairro_endereco_delivery_model_in.dart
DA:7,0
DA:17,0
DA:18,0
DA:20,0
LF:4
LH:0
end_of_record
SF:lib/features/controlar_delivery/data/models/bairro_endereco_delivery_model_in.g.dart
DA:9,0
DA:11,0
DA:12,0
DA:13,0
DA:14,0
DA:17,0
DA:19,0
DA:20,0
DA:21,0
DA:22,0
LF:10
LH:0
end_of_record
SF:lib/features/controlar_delivery/domain/entities/conta_delivery_entity.dart
DA:8,0
DA:23,0
DA:41,0
DA:43,0
DA:44,0
DA:45,0
DA:46,0
DA:47,0
DA:48,0
DA:49,0
DA:50,0
DA:51,0
DA:53,0
LF:13
LH:0
end_of_record
SF:lib/features/controlar_delivery/data/repositories/conta_delivery_repository_impl.dart
DA:7,0
DA:11,0
DA:14,0
DA:15,0
DA:17,0
LF:5
LH:0
end_of_record
SF:lib/features/controlar_mesas/data/models/conta_mesa_retorno_dto.dart
DA:34,0
DA:57,0
DA:59,0
DA:61,0
DA:62,0
DA:63,0
DA:64,0
DA:66,0
DA:67,0
DA:68,0
DA:69,0
DA:70,0
DA:72,0
DA:76,0
DA:78,0
DA:79,0
DA:80,0
DA:83,0
DA:84,0
DA:85,0
DA:86,0
LF:21
LH:0
end_of_record
SF:lib/features/controlar_mesas/data/models/conta_mesa_retorno_dto.g.dart
DA:9,0
DA:10,0
DA:11,0
DA:12,0
DA:13,0
DA:14,0
DA:15,0
DA:16,0
DA:18,0
DA:19,0
DA:20,0
DA:21,0
DA:22,0
DA:23,0
DA:24,0
DA:25,0
DA:26,0
DA:27,0
DA:28,0
DA:29,0
DA:30,0
DA:31,0
DA:32,0
DA:35,0
DA:37,0
DA:38,0
DA:39,0
DA:40,0
DA:41,0
DA:42,0
DA:43,0
DA:44,0
DA:45,0
DA:46,0
DA:47,0
DA:48,0
DA:49,0
DA:50,0
DA:51,0
DA:52,0
DA:53,0
DA:54,0
DA:55,0
DA:56,0
DA:57,0
LF:45
LH:0
end_of_record
SF:lib/features/controlar_mesas/data/datasources/conta_mesa_datasource_impl.dart
DA:6,0
DA:8,0
DA:10,0
DA:12,0
DA:15,0
DA:17,0
LF:6
LH:0
end_of_record
SF:lib/features/controlar_mesas/data/models/mesa_retorno_dto.dart
DA:22,0
DA:37,0
DA:39,0
DA:41,0
DA:42,0
DA:43,0
DA:44,0
DA:46,0
LF:8
LH:0
end_of_record
SF:lib/features/controlar_mesas/data/models/mesa_retorno_dto.g.dart
DA:9,0
DA:10,0
DA:11,0
DA:12,0
DA:13,0
DA:15,0
DA:16,0
DA:17,0
DA:18,0
DA:19,0
DA:20,0
DA:21,0
DA:22,0
DA:23,0
DA:26,0
DA:27,0
DA:28,0
DA:29,0
DA:30,0
DA:31,0
DA:32,0
DA:33,0
DA:35,0
DA:36,0
DA:37,0
DA:38,0
DA:39,0
DA:40,0
LF:28
LH:0
end_of_record
SF:lib/features/controlar_mesas/data/datasources/mesa_datasource_impl.dart
DA:6,0
DA:8,0
DA:10,0
DA:11,0
DA:14,0
DA:16,0
DA:17,0
LF:7
LH:0
end_of_record
SF:lib/features/controlar_mesas/data/repositories/conta_mesa_repository_impl.dart
DA:7,0
DA:11,0
DA:14,0
DA:15,0
DA:17,0
DA:21,0
DA:24,0
DA:26,0
LF:8
LH:0
end_of_record
SF:lib/features/controlar_mesas/data/repositories/mesa_repository_impl.dart
DA:7,0
DA:11,0
DA:14,0
DA:15,0
DA:17,0
DA:21,0
DA:24,0
DA:25,0
DA:27,0
LF:9
LH:0
end_of_record
SF:lib/features/controlar_pra_viagem/data/models/conta_pra_viagem_model_in.dart
DA:22,0
DA:37,0
DA:38,0
DA:39,0
DA:40,0
DA:41,0
DA:42,0
DA:43,0
DA:46,0
DA:48,0
LF:10
LH:0
end_of_record
SF:lib/features/controlar_pra_viagem/data/models/conta_pra_viagem_model_in.g.dart
DA:9,0
DA:11,0
DA:12,0
DA:13,0
DA:14,0
DA:15,0
DA:16,0
DA:17,0
DA:18,0
DA:19,0
DA:20,0
DA:21,0
DA:22,0
DA:23,0
DA:26,0
DA:28,0
DA:29,0
DA:30,0
DA:31,0
DA:32,0
DA:33,0
DA:34,0
DA:35,0
DA:36,0
DA:37,0
DA:38,0
DA:39,0
DA:40,0
LF:28
LH:0
end_of_record
SF:lib/features/controlar_pra_viagem/data/datasources/template_datasource_impl.dart
DA:6,0
DA:8,0
DA:10,0
LF:3
LH:0
end_of_record
SF:lib/features/controlar_pra_viagem/domain/entities/conta_pra_viagem_entity.dart
DA:5,0
DA:18,0
DA:25,0
DA:27,0
LF:4
LH:0
end_of_record
SF:lib/features/controlar_pra_viagem/data/repositories/conta_pra_viagem_repository_impl.dart
DA:7,0
DA:11,0
DA:14,0
DA:15,0
DA:17,0
LF:5
LH:0
end_of_record
SF:lib/features/login/data/models/login_model_in.dart
DA:9,0
DA:17,0
DA:19,0
DA:21,0
DA:22,0
DA:23,0
DA:24,0
DA:25,0
DA:26,0
DA:32,0
DA:40,0
DA:42,0
DA:47,0
DA:57,0
DA:59,0
DA:64,0
DA:72,0
DA:74,0
DA:79,0
DA:107,0
DA:109,0
DA:111,0
DA:112,0
DA:113,0
DA:114,0
DA:115,0
DA:116,0
DA:117,0
DA:118,0
DA:119,0
DA:120,0
DA:121,0
DA:122,0
DA:123,0
LF:34
LH:0
end_of_record
SF:lib/features/login/data/models/login_model_in.g.dart
DA:9,0
DA:10,0
DA:12,0
DA:15,0
DA:16,0
DA:17,0
DA:18,0
DA:21,0
DA:23,0
DA:24,0
DA:27,0
DA:28,0
DA:29,0
DA:32,0
DA:33,0
DA:35,0
DA:36,0
DA:39,0
DA:40,0
DA:41,0
DA:42,0
DA:43,0
DA:46,0
DA:47,0
DA:48,0
DA:51,0
DA:52,0
DA:53,0
DA:54,0
DA:57,0
DA:58,0
DA:59,0
DA:60,0
DA:61,0
DA:62,0
DA:63,0
DA:64,0
DA:65,0
DA:66,0
DA:67,0
DA:68,0
DA:70,0
DA:73,0
DA:74,0
DA:75,0
DA:76,0
DA:77,0
DA:78,0
DA:79,0
DA:80,0
DA:81,0
DA:82,0
DA:83,0
DA:84,0
DA:85,0
DA:87,0
LF:56
LH:0
end_of_record
SF:lib/features/login/data/models/login_model_out.dart
DA:7,0
DA:19,0
DA:21,0
LF:3
LH:0
end_of_record
SF:lib/features/login/data/models/login_model_out.g.dart
DA:9,0
DA:10,0
DA:11,0
DA:12,0
DA:13,0
DA:14,0
DA:17,0
DA:18,0
DA:19,0
DA:20,0
DA:21,0
DA:22,0
LF:12
LH:0
end_of_record
SF:lib/features/login/data/datasources/login_datasource_impl.dart
DA:7,0
DA:9,0
DA:11,0
LF:3
LH:0
end_of_record
SF:lib/features/login/data/repositories/login_repository_impl.dart
DA:8,0
DA:12,0
DA:14,0
DA:16,0
DA:17,0
DA:19,0
LF:6
LH:0
end_of_record
SF:lib/features/montagem_pizza/data/models/pizza_tamanho_model_in.dart
DA:16,0
DA:24,0
DA:26,0
DA:28,0
DA:29,0
DA:30,0
DA:31,0
DA:32,0
DA:33,0
DA:34,0
DA:35,0
DA:49,0
DA:54,0
DA:56,0
LF:14
LH:0
end_of_record
SF:lib/features/montagem_pizza/data/models/pizza_tamanho_model_in.g.dart
DA:9,0
DA:10,0
DA:11,0
DA:12,0
DA:13,0
DA:15,0
DA:16,0
DA:19,0
DA:21,0
DA:22,0
DA:23,0
DA:24,0
DA:25,0
DA:26,0
DA:34,0
DA:35,0
DA:36,0
DA:37,0
DA:38,0
DA:41,0
DA:42,0
DA:43,0
DA:44,0
LF:23
LH:0
end_of_record
SF:lib/features/montagem_pizza/data/datasources/pizza_tamanho_datasource_impl.dart
DA:6,0
DA:8,0
DA:10,0
DA:11,0
LF:4
LH:0
end_of_record
SF:lib/features/montagem_pizza/data/models/pizza_model_in.dart
DA:16,0
DA:25,0
DA:27,0
DA:29,0
DA:30,0
DA:31,0
DA:32,0
LF:7
LH:0
end_of_record
SF:lib/features/montagem_pizza/data/models/pizza_model_in.g.dart
DA:9,0
DA:11,0
DA:12,0
DA:14,0
DA:15,0
DA:16,0
DA:17,0
DA:20,0
DA:21,0
DA:22,0
DA:23,0
DA:24,0
DA:25,0
DA:26,0
DA:27,0
LF:15
LH:0
end_of_record
SF:lib/features/montagem_pizza/data/datasources/sabor_pizza_datasource_impl.dart
DA:6,0
DA:8,0
DA:10,0
LF:3
LH:0
end_of_record
SF:lib/features/montagem_pizza/data/models/tamanho_pizza_model_in.dart
DA:14,0
DA:22,0
DA:24,0
DA:26,0
DA:27,0
DA:28,0
DA:29,0
DA:30,0
DA:31,0
LF:9
LH:0
end_of_record
SF:lib/features/montagem_pizza/data/models/tamanho_pizza_model_in.g.dart
DA:9,0
DA:10,0
DA:11,0
DA:12,0
DA:13,0
DA:14,0
DA:15,0
DA:18,0
DA:20,0
DA:21,0
DA:22,0
DA:23,0
DA:24,0
DA:25,0
LF:14
LH:0
end_of_record
SF:lib/features/montagem_pizza/data/datasources/tamanho_pizza_datasource_impl.dart
DA:6,0
DA:8,0
DA:10,0
LF:3
LH:0
end_of_record
SF:lib/features/montagem_pizza/data/repositories/pizza_tamanho_repository_impl.dart
DA:7,0
DA:11,0
DA:14,0
DA:15,0
DA:17,0
LF:5
LH:0
end_of_record
SF:lib/features/montagem_pizza/data/repositories/sabor_pizza_repository_impl.dart
DA:7,0
DA:11,0
DA:14,0
DA:15,0
DA:17,0
LF:5
LH:0
end_of_record
SF:lib/features/montagem_pizza/data/repositories/tamanho_pizza_repository_impl.dart
DA:7,0
DA:11,0
DA:14,0
DA:15,0
DA:17,0
LF:5
LH:0
end_of_record
SF:lib/features/montagem_pizza/domain/entities/ingrediente_entity.dart
DA:2,0
LF:1
LH:0
end_of_record
SF:lib/features/montagem_pizza/domain/usecases/get_adicionais_pizza_tamanho_usecase.dart
DA:7,0
DA:11,0
DA:14,0
DA:15,0
DA:16,0
DA:18,0
DA:20,0
DA:29,0
LF:8
LH:0
end_of_record
SF:lib/features/montagem_pizza/domain/usecases/get_ingredientes_pizza_tamanho_usecase.dart
DA:8,0
DA:12,0
DA:15,0
DA:16,0
DA:17,0
DA:19,0
DA:21,0
DA:30,0
LF:8
LH:0
end_of_record
SF:lib/features/montagem_pizza/domain/usecases/get_pizza_tamanho_por_tamanho_usecase.dart
DA:8,1
DA:12,1
DA:15,3
DA:16,1
DA:17,0
DA:18,0
DA:26,1
LF:7
LH:5
end_of_record
SF:lib/features/montagem_pizza/domain/usecases/get_tamanho_pizza_usecase.dart
DA:7,1
DA:11,1
DA:14,2
DA:15,1
DA:17,0
LF:5
LH:4
end_of_record
SF:lib/features/realizar_pedido/domain/entities/item_cardapio_entity.dart
DA:26,1
DA:36,0
DA:39,0
DA:40,0
DA:42,0
DA:43,0
DA:46,0
DA:49,0
DA:50,0
DA:51,0
DA:52,0
DA:54,0
DA:59,1
DA:67,2
DA:73,0
DA:79,0
DA:80,0
DA:81,0
DA:82,0
DA:90,1
DA:97,1
DA:98,1
DA:99,1
DA:106,1
DA:118,1
DA:119,4
DA:121,1
DA:122,7
DA:126,0
DA:139,0
DA:140,0
DA:142,0
DA:143,0
DA:146,0
DA:147,0
DA:148,0
DA:149,0
DA:151,0
DA:152,0
DA:154,0
DA:160,0
LF:41
LH:12
end_of_record
SF:lib/features/montagem_prato/data/models/sub_prato_etapa_model_in.dart
DA:16,0
DA:25,0
DA:27,0
DA:29,0
DA:30,0
DA:31,0
DA:32,0
LF:7
LH:0
end_of_record
SF:lib/features/montagem_prato/data/models/sub_prato_etapa_model_in.g.dart
DA:9,0
DA:11,0
DA:12,0
DA:13,0
DA:14,0
DA:15,0
DA:16,0
DA:17,0
DA:20,0
DA:22,0
DA:23,0
DA:24,0
DA:25,0
DA:26,0
DA:27,0
DA:28,0
LF:16
LH:0
end_of_record
SF:lib/features/montagem_prato/domain/entity/sub_prato_entity.dart
DA:5,0
LF:1
LH:0
end_of_record
SF:lib/features/montagem_prato/domain/entity/sub_prato_etapa_entity.dart
DA:11,0
LF:1
LH:0
end_of_record
SF:lib/features/montagem_prato/domain/entity/etapa_prato_entity.dart
DA:14,0
DA:25,0
DA:27,0
DA:28,0
DA:30,0
DA:31,0
DA:32,0
DA:35,0
DA:36,0
DA:42,0
DA:44,0
DA:48,0
DA:51,0
DA:52,0
DA:53,0
DA:54,0
DA:55,0
DA:61,0
DA:62,0
DA:63,0
DA:67,0
DA:69,0
DA:70,0
DA:72,0
LF:24
LH:0
end_of_record
SF:lib/features/realizar_pedido/data/models/adicional_pizza_tamanho_model_in.dart
DA:8,0
DA:20,0
DA:21,0
DA:23,0
DA:25,0
DA:26,0
DA:27,0
DA:28,0
DA:37,0
DA:43,0
DA:45,0
DA:50,0
DA:58,0
DA:60,0
LF:14
LH:0
end_of_record
SF:lib/features/realizar_pedido/data/models/adicional_pizza_tamanho_model_in.g.dart
DA:9,0
DA:11,0
DA:12,0
DA:14,0
DA:16,0
DA:17,0
DA:20,0
DA:22,0
DA:23,0
DA:24,0
DA:25,0
DA:26,0
DA:34,0
DA:35,0
DA:36,0
DA:37,0
DA:40,0
DA:41,0
DA:42,0
DA:45,0
DA:46,0
DA:47,0
DA:48,0
DA:51,0
DA:52,0
DA:53,0
DA:54,0
LF:27
LH:0
end_of_record
SF:lib/features/realizar_pedido/data/datasources/adicional_pizza_tamanho_datasource_impl.dart
DA:6,0
DA:8,0
DA:13,0
DA:17,0
LF:4
LH:0
end_of_record
SF:lib/features/realizar_pedido/data/datasources/categoria_datasource_impl.dart
DA:6,0
DA:8,0
DA:10,0
DA:11,0
LF:4
LH:0
end_of_record
SF:lib/features/realizar_pedido/data/models/ingrediente_pizza_tamanho_model_in.dart
DA:8,0
DA:18,0
DA:19,0
DA:21,0
DA:23,0
DA:24,0
DA:25,0
DA:35,0
DA:41,0
DA:43,0
DA:48,0
DA:56,0
DA:58,0
LF:13
LH:0
end_of_record
SF:lib/features/realizar_pedido/data/models/ingrediente_pizza_tamanho_model_in.g.dart
DA:9,0
DA:11,0
DA:12,0
DA:14,0
DA:16,0
DA:19,0
DA:21,0
DA:22,0
DA:23,0
DA:24,0
DA:32,0
DA:33,0
DA:34,0
DA:35,0
DA:38,0
DA:39,0
DA:40,0
DA:43,0
DA:44,0
DA:45,0
DA:46,0
DA:49,0
DA:50,0
DA:51,0
DA:52,0
LF:25
LH:0
end_of_record
SF:lib/features/realizar_pedido/data/datasources/ingrediente_pizza_tamanho_datasource_impl.dart
DA:6,0
DA:8,0
DA:13,0
DA:17,0
LF:4
LH:0
end_of_record
SF:lib/features/realizar_pedido/data/models/item_cardapio_model_in.dart
DA:27,0
DA:44,0
DA:46,0
DA:48,0
DA:49,0
DA:50,0
DA:51,0
DA:52,0
DA:53,0
DA:54,0
DA:55,0
DA:56,0
DA:57,0
DA:58,0
DA:59,0
DA:60,0
DA:61,0
DA:65,0
DA:66,0
DA:67,0
DA:68,0
DA:69,0
DA:70,0
DA:71,0
DA:74,0
DA:75,0
DA:76,0
DA:78,0
DA:79,0
DA:80,0
DA:81,0
DA:82,0
DA:83,0
DA:88,0
DA:89,0
DA:90,0
DA:91,0
DA:92,0
DA:93,0
DA:94,0
DA:97,0
DA:98,0
DA:99,0
DA:100,0
DA:101,0
DA:104,0
DA:105,0
DA:106,0
DA:107,0
DA:108,0
DA:111,0
DA:112,0
DA:113,0
DA:114,0
DA:115,0
DA:116,0
LF:56
LH:0
end_of_record
SF:lib/features/realizar_pedido/data/models/item_cardapio_model_in.g.dart
DA:9,0
DA:10,0
DA:11,0
DA:12,0
DA:13,0
DA:14,0
DA:15,0
DA:16,0
DA:17,0
DA:18,0
DA:19,0
DA:20,0
DA:21,0
DA:22,0
DA:23,0
DA:24,0
DA:25,0
DA:26,0
DA:27,0
DA:28,0
DA:30,0
DA:31,0
DA:32,0
DA:33,0
DA:36,0
DA:38,0
DA:39,0
DA:40,0
DA:41,0
DA:42,0
DA:43,0
DA:44,0
DA:45,0
DA:46,0
DA:47,0
DA:48,0
DA:49,0
DA:50,0
DA:51,0
DA:52,0
LF:40
LH:0
end_of_record
SF:lib/features/realizar_pedido/data/datasources/item_cardapio_datasource_impl.dart
DA:6,0
DA:8,0
DA:10,0
DA:11,0
DA:14,0
DA:16,0
DA:18,0
DA:20,0
DA:23,0
DA:25,0
DA:26,0
DA:27,0
DA:29,0
DA:32,0
DA:34,0
DA:35,0
DA:36,0
DA:38,0
LF:18
LH:0
end_of_record
SF:lib/features/realizar_pedido/data/models/item_cardapio_favorito_model_in.dart
DA:9,0
DA:19,0
DA:20,0
DA:22,0
DA:24,0
DA:25,0
DA:26,0
DA:27,0
DA:28,0
DA:30,0
DA:37,0
DA:127,0
DA:128,0
DA:130,0
DA:132,0
DA:133,0
DA:134,0
DA:135,0
DA:136,0
DA:137,0
DA:138,0
DA:144,0
DA:250,0
DA:251,0
DA:253,0
DA:255,0
DA:256,0
DA:257,0
DA:258,0
DA:259,0
DA:261,0
DA:262,0
DA:268,0
DA:326,0
DA:328,0
DA:333,0
DA:343,0
DA:345,0
DA:350,0
DA:360,0
DA:362,0
DA:367,0
DA:373,0
DA:375,0
DA:380,0
DA:390,0
DA:392,0
LF:47
LH:0
end_of_record
SF:lib/features/realizar_pedido/data/models/item_cardapio_favorito_model_in.g.dart
DA:9,0
DA:11,0
DA:12,0
DA:13,0
DA:15,0
DA:16,0
DA:17,0
DA:19,0
DA:20,0
DA:23,0
DA:25,0
DA:26,0
DA:27,0
DA:28,0
DA:31,0
DA:33,0
DA:34,0
DA:35,0
DA:36,0
DA:37,0
DA:38,0
DA:39,0
DA:40,0
DA:41,0
DA:42,0
DA:43,0
DA:44,0
DA:45,0
DA:46,0
DA:47,0
DA:48,0
DA:49,0
DA:50,0
DA:51,0
DA:52,0
DA:53,0
DA:54,0
DA:55,0
DA:56,0
DA:57,0
DA:58,0
DA:59,0
DA:60,0
DA:61,0
DA:62,0
DA:63,0
DA:64,0
DA:65,0
DA:66,0
DA:67,0
DA:68,0
DA:69,0
DA:70,0
DA:71,0
DA:72,0
DA:73,0
DA:74,0
DA:75,0
DA:76,0
DA:78,0
DA:79,0
DA:82,0
DA:84,0
DA:85,0
DA:86,0
DA:87,0
DA:88,0
DA:89,0
DA:90,0
DA:91,0
DA:92,0
DA:93,0
DA:94,0
DA:95,0
DA:96,0
DA:97,0
DA:98,0
DA:99,0
DA:100,0
DA:101,0
DA:102,0
DA:103,0
DA:104,0
DA:105,0
DA:106,0
DA:107,0
DA:108,0
DA:109,0
DA:110,0
DA:111,0
DA:112,0
DA:113,0
DA:114,0
DA:115,0
DA:116,0
DA:117,0
DA:118,0
DA:119,0
DA:120,0
DA:121,0
DA:122,0
DA:123,0
DA:124,0
DA:125,0
DA:126,0
DA:127,0
DA:130,0
DA:132,0
DA:133,0
DA:134,0
DA:135,0
DA:136,0
DA:137,0
DA:138,0
DA:139,0
DA:140,0
DA:141,0
DA:142,0
DA:143,0
DA:144,0
DA:145,0
DA:146,0
DA:147,0
DA:148,0
DA:149,0
DA:150,0
DA:151,0
DA:152,0
DA:153,0
DA:154,0
DA:155,0
DA:156,0
DA:157,0
DA:158,0
DA:159,0
DA:160,0
DA:161,0
DA:162,0
DA:163,0
DA:164,0
DA:165,0
DA:166,0
DA:167,0
DA:168,0
DA:169,0
DA:170,0
DA:171,0
DA:172,0
DA:173,0
DA:174,0
DA:175,0
DA:176,0
DA:177,0
DA:178,0
DA:179,0
DA:180,0
DA:181,0
DA:182,0
DA:184,0
DA:185,0
DA:186,0
DA:189,0
DA:191,0
DA:192,0
DA:193,0
DA:194,0
DA:195,0
DA:196,0
DA:197,0
DA:198,0
DA:199,0
DA:200,0
DA:201,0
DA:202,0
DA:203,0
DA:204,0
DA:205,0
DA:206,0
DA:207,0
DA:208,0
DA:209,0
DA:210,0
DA:211,0
DA:212,0
DA:213,0
DA:214,0
DA:215,0
DA:216,0
DA:217,0
DA:218,0
DA:219,0
DA:220,0
DA:221,0
DA:222,0
DA:223,0
DA:224,0
DA:225,0
DA:226,0
DA:227,0
DA:228,0
DA:229,0
DA:230,0
DA:231,0
DA:232,0
DA:233,0
DA:234,0
DA:235,0
DA:236,0
DA:237,0
DA:238,0
DA:239,0
DA:240,0
DA:241,0
DA:242,0
DA:245,0
DA:246,0
DA:247,0
DA:248,0
DA:249,0
DA:250,0
DA:251,0
DA:252,0
DA:253,0
DA:254,0
DA:255,0
DA:256,0
DA:257,0
DA:258,0
DA:259,0
DA:260,0
DA:261,0
DA:262,0
DA:263,0
DA:264,0
DA:265,0
DA:266,0
DA:267,0
DA:268,0
DA:269,0
DA:270,0
DA:271,0
DA:272,0
DA:275,0
DA:276,0
DA:277,0
DA:278,0
DA:279,0
DA:280,0
DA:281,0
DA:282,0
DA:283,0
DA:284,0
DA:285,0
DA:286,0
DA:287,0
DA:288,0
DA:289,0
DA:290,0
DA:291,0
DA:292,0
DA:293,0
DA:294,0
DA:295,0
DA:296,0
DA:297,0
DA:298,0
DA:299,0
DA:300,0
DA:301,0
DA:302,0
DA:305,0
DA:306,0
DA:308,0
DA:309,0
DA:310,0
DA:313,0
DA:314,0
DA:315,0
DA:316,0
DA:317,0
DA:320,0
DA:321,0
DA:323,0
DA:324,0
DA:325,0
DA:328,0
DA:329,0
DA:330,0
DA:331,0
DA:332,0
DA:335,0
DA:336,0
DA:338,0
DA:341,0
DA:342,0
DA:343,0
DA:346,0
DA:347,0
DA:348,0
DA:349,0
DA:352,0
DA:353,0
DA:354,0
DA:355,0
DA:356,0
LF:305
LH:0
end_of_record
SF:lib/features/realizar_pedido/data/datasources/item_cardapio_favorito_datasource_impl.dart
DA:6,0
DA:8,0
DA:10,0
DA:11,0
DA:14,0
DA:16,0
DA:17,0
LF:7
LH:0
end_of_record
SF:lib/features/realizar_pedido/data/models/item_cardapio_mais_pedido_model_in.dart
DA:8,0
DA:22,0
DA:23,0
DA:25,0
DA:27,0
DA:28,0
DA:29,0
DA:30,0
DA:31,0
DA:32,0
LF:10
LH:0
end_of_record
SF:lib/features/realizar_pedido/data/models/item_cardapio_mais_pedido_model_in.g.dart
DA:9,0
DA:11,0
DA:12,0
DA:13,0
DA:14,0
DA:15,0
DA:16,0
DA:19,0
DA:21,0
DA:22,0
DA:23,0
DA:24,0
DA:25,0
DA:26,0
LF:14
LH:0
end_of_record
SF:lib/features/realizar_pedido/data/datasources/item_cardapio_mais_pedidos_datasource_impl.dart
DA:6,0
DA:8,0
DA:10,0
DA:12,0
DA:17,0
LF:5
LH:0
end_of_record
SF:lib/features/realizar_pedido/data/models/realizar_pedido/pedido_model_out.dart
DA:24,0
DA:38,0
DA:40,0
DA:42,0
DA:43,0
DA:44,0
DA:45,0
DA:46,0
DA:50,0
DA:51,0
DA:52,0
DA:53,0
LF:12
LH:0
end_of_record
SF:lib/features/realizar_pedido/data/models/realizar_pedido/pedido_model_out.g.dart
DA:9,0
DA:10,0
DA:11,0
DA:13,0
DA:14,0
DA:16,0
DA:17,0
DA:18,0
DA:19,0
DA:20,0
DA:21,0
DA:22,0
DA:23,0
DA:24,0
DA:25,0
DA:26,0
DA:27,0
DA:30,0
DA:31,0
DA:32,0
DA:33,0
DA:34,0
DA:35,0
DA:36,0
DA:37,0
DA:38,0
DA:39,0
DA:40,0
DA:41,0
DA:42,0
LF:30
LH:0
end_of_record
SF:lib/features/realizar_pedido/data/datasources/pedido_datasource_impl.dart
DA:6,0
DA:8,0
DA:10,0
LF:3
LH:0
end_of_record
SF:lib/features/realizar_pedido/domain/entities/categoria_entity.dart
DA:4,2
DA:81,2
DA:82,2
DA:84,4
DA:85,2
DA:86,0
DA:87,2
DA:88,0
DA:89,2
DA:90,0
DA:91,2
DA:92,0
DA:93,2
DA:94,0
DA:95,2
DA:96,8
DA:97,0
DA:98,0
DA:105,2
DA:106,14
DA:107,2
DA:108,2
DA:110,4
DA:113,4
LF:24
LH:17
end_of_record
SF:lib/features/realizar_pedido/data/models/etapa_prato_model_in.dart
DA:21,0
DA:35,0
DA:37,0
DA:39,0
DA:40,0
DA:41,0
DA:42,0
DA:43,0
DA:44,0
DA:45,0
DA:46,0
DA:47,0
LF:12
LH:0
end_of_record
SF:lib/features/realizar_pedido/data/models/etapa_prato_model_in.g.dart
DA:9,0
DA:10,0
DA:11,0
DA:12,0
DA:13,0
DA:14,0
DA:15,0
DA:16,0
DA:17,0
DA:19,0
DA:20,0
DA:21,0
DA:22,0
DA:23,0
DA:24,0
DA:25,0
DA:28,0
DA:29,0
DA:30,0
DA:31,0
DA:32,0
DA:33,0
DA:34,0
DA:35,0
DA:36,0
DA:37,0
DA:38,0
DA:39,0
DA:40,0
LF:29
LH:0
end_of_record
SF:lib/features/realizar_pedido/data/models/ingrediente_model_in.dart
DA:8,0
DA:14,0
DA:15,0
DA:16,0
DA:17,0
DA:20,0
DA:21,0
DA:22,0
DA:23,0
DA:26,0
DA:27,0
DA:28,0
DA:29,0
LF:13
LH:0
end_of_record
SF:lib/features/realizar_pedido/domain/entities/ingrediente_entity.dart
DA:7,0
LF:1
LH:0
end_of_record
SF:lib/features/realizar_pedido/data/models/preco_model_in.dart
DA:8,0
DA:62,0
DA:64,0
DA:66,0
DA:67,0
DA:68,0
DA:69,0
DA:70,0
DA:71,0
DA:72,0
DA:73,0
DA:74,0
DA:75,0
DA:76,0
DA:77,0
DA:78,0
DA:79,0
DA:80,0
DA:81,0
DA:82,0
DA:83,0
DA:84,0
DA:85,0
DA:86,0
DA:87,0
DA:88,0
LF:26
LH:0
end_of_record
SF:lib/features/realizar_pedido/data/models/preco_model_in.g.dart
DA:9,0
DA:10,0
DA:11,0
DA:12,0
DA:13,0
DA:14,0
DA:15,0
DA:16,0
DA:17,0
DA:18,0
DA:19,0
DA:20,0
DA:21,0
DA:22,0
DA:23,0
DA:24,0
DA:25,0
DA:26,0
DA:27,0
DA:28,0
DA:29,0
DA:30,0
DA:31,0
DA:32,0
DA:33,0
DA:34,0
DA:37,0
DA:38,0
DA:39,0
DA:40,0
DA:41,0
DA:42,0
DA:43,0
DA:44,0
DA:45,0
DA:46,0
DA:47,0
DA:48,0
DA:49,0
DA:50,0
DA:51,0
DA:52,0
DA:53,0
DA:54,0
DA:55,0
DA:56,0
DA:57,0
DA:58,0
DA:59,0
DA:60,0
DA:61,0
DA:62,0
DA:63,0
LF:53
LH:0
end_of_record
SF:lib/features/realizar_pedido/domain/entities/item_cardapio_mais_pedido_entity.dart
DA:5,0
LF:1
LH:0
end_of_record
SF:lib/features/realizar_pedido/domain/entities/tabela_de_preco_entity.dart
DA:2,1
DA:50,1
DA:51,2
DA:52,1
DA:53,0
DA:54,1
DA:55,0
DA:56,1
DA:57,0
DA:58,1
DA:59,0
DA:60,1
DA:61,0
DA:62,1
DA:63,1
DA:64,0
DA:65,0
DA:67,0
LF:18
LH:10
end_of_record
SF:lib/features/realizar_pedido/data/models/realizar_pedido/cartao_model_out.dart
DA:9,0
DA:11,0
DA:13,0
DA:15,0
DA:16,0
LF:5
LH:0
end_of_record
SF:lib/features/realizar_pedido/data/models/realizar_pedido/cartao_model_out.g.dart
DA:9,0
DA:10,0
DA:11,0
DA:14,0
DA:15,0
DA:16,0
LF:6
LH:0
end_of_record
SF:lib/features/realizar_pedido/data/models/realizar_pedido/ingrediente_model_out.dart
DA:10,0
DA:14,0
DA:16,0
LF:3
LH:0
end_of_record
SF:lib/features/realizar_pedido/data/models/realizar_pedido/ingrediente_model_out.g.dart
DA:9,0
DA:10,0
DA:11,0
DA:12,0
DA:14,0
DA:16,0
DA:17,0
DA:18,0
LF:8
LH:0
end_of_record
SF:lib/features/realizar_pedido/data/models/realizar_pedido/item_pedido_model_out.dart
DA:33,0
DA:54,0
DA:56,0
DA:58,0
DA:62,0
DA:63,0
DA:64,0
DA:65,0
DA:67,0
DA:68,0
DA:69,0
DA:70,0
DA:71,0
DA:72,0
DA:74,0
DA:75,0
DA:76,0
DA:77,0
DA:78,0
DA:79,0
DA:80,0
DA:81,0
DA:83,0
DA:85,0
DA:87,0
DA:88,0
DA:89,0
DA:90,0
DA:91,0
DA:93,0
DA:96,0
DA:97,0
DA:100,0
DA:101,0
DA:104,0
DA:105,0
DA:107,0
DA:109,0
DA:112,0
LF:39
LH:0
end_of_record
SF:lib/features/realizar_pedido/data/models/realizar_pedido/item_pedido_model_out.g.dart
DA:9,0
DA:10,0
DA:11,0
DA:12,0
DA:13,0
DA:14,0
DA:15,0
DA:17,0
DA:18,0
DA:19,0
DA:21,0
DA:22,0
DA:23,0
DA:24,0
DA:25,0
DA:26,0
DA:27,0
DA:28,0
DA:29,0
DA:30,0
DA:31,0
DA:32,0
DA:33,0
DA:34,0
DA:35,0
DA:36,0
DA:37,0
DA:40,0
DA:41,0
DA:42,0
DA:43,0
DA:44,0
DA:45,0
DA:46,0
DA:47,0
DA:48,0
DA:49,0
DA:50,0
DA:51,0
DA:52,0
DA:53,0
DA:54,0
DA:55,0
DA:56,0
DA:57,0
DA:58,0
DA:59,0
LF:47
LH:0
end_of_record
SF:lib/features/realizar_pedido/data/models/realizar_pedido/pizza_model_out.dart
DA:8,0
DA:16,0
DA:18,0
DA:20,0
DA:21,0
LF:5
LH:0
end_of_record
SF:lib/features/realizar_pedido/data/models/realizar_pedido/pizza_model_out.g.dart
DA:9,0
DA:10,0
DA:11,0
DA:12,0
DA:13,0
DA:16,0
DA:17,0
DA:18,0
DA:19,0
LF:9
LH:0
end_of_record
SF:lib/features/realizar_pedido/data/models/realizar_pedido/pizza_tamanho_model_out.dart
DA:7,0
DA:21,0
DA:23,0
DA:25,0
DA:26,0
DA:31,0
DA:35,0
DA:37,0
DA:39,0
DA:40,0
DA:45,0
DA:49,0
DA:51,0
DA:53,0
DA:54,0
DA:59,0
DA:63,0
DA:65,0
DA:67,0
DA:68,0
LF:20
LH:0
end_of_record
SF:lib/features/realizar_pedido/data/models/realizar_pedido/pizza_tamanho_model_out.g.dart
DA:9,0
DA:11,0
DA:12,0
DA:14,0
DA:15,0
DA:16,0
DA:17,0
DA:18,0
DA:19,0
DA:20,0
DA:21,0
DA:24,0
DA:26,0
DA:27,0
DA:28,0
DA:29,0
DA:30,0
DA:31,0
DA:34,0
DA:35,0
DA:38,0
DA:39,0
DA:40,0
DA:43,0
DA:44,0
DA:45,0
DA:48,0
DA:49,0
DA:50,0
DA:53,0
DA:54,0
DA:55,0
DA:58,0
DA:59,0
DA:60,0
LF:35
LH:0
end_of_record
SF:lib/features/realizar_pedido/data/models/realizar_pedido/prato_model_out.dart
DA:10,0
DA:15,0
DA:17,0
LF:3
LH:0
end_of_record
SF:lib/features/realizar_pedido/data/models/realizar_pedido/prato_model_out.g.dart
DA:9,0
DA:10,0
DA:11,0
DA:12,0
DA:15,0
DA:16,0
DA:17,0
DA:18,0
LF:8
LH:0
end_of_record
SF:lib/features/realizar_pedido/data/models/realizar_pedido/produto_venda_model_out.dart
DA:9,0
DA:11,0
DA:13,0
LF:3
LH:0
end_of_record
SF:lib/features/realizar_pedido/data/models/realizar_pedido/produto_venda_model_out.g.dart
DA:9,0
DA:11,0
DA:12,0
DA:15,0
DA:17,0
DA:18,0
LF:6
LH:0
end_of_record
SF:lib/features/realizar_pedido/data/models/realizar_pedido/mesa_model_out.dart
DA:9,0
DA:11,0
DA:13,0
DA:15,0
DA:16,0
LF:5
LH:0
end_of_record
SF:lib/features/realizar_pedido/data/models/realizar_pedido/mesa_model_out.g.dart
DA:9,0
DA:10,0
DA:13,0
DA:14,0
DA:15,0
LF:5
LH:0
end_of_record
SF:lib/features/realizar_pedido/domain/entities/pedido_entity.dart
DA:13,0
LF:1
LH:0
end_of_record
SF:lib/features/realizar_pedido/data/repositories/adicional_pizza_tamanho_repository_impl.dart
DA:7,0
DA:10,0
DA:13,0
DA:14,0
DA:16,0
LF:5
LH:0
end_of_record
SF:lib/features/realizar_pedido/data/repositories/categoria_repository_impl.dart
DA:7,0
DA:11,0
DA:14,0
DA:15,0
DA:17,0
LF:5
LH:0
end_of_record
SF:lib/features/realizar_pedido/data/repositories/ingrediente_pizza_tamanho_repository_impl.dart
DA:7,0
DA:11,0
DA:14,0
DA:15,0
DA:17,0
LF:5
LH:0
end_of_record
SF:lib/features/realizar_pedido/data/repositories/item_cardapio_mais_pedidos_repository_impl.dart
DA:7,0
DA:10,0
DA:13,0
DA:14,0
DA:16,0
LF:5
LH:0
end_of_record
SF:lib/features/realizar_pedido/data/repositories/item_cardapio_repository_impl.dart
DA:8,0
DA:16,0
DA:19,0
DA:20,0
DA:22,0
DA:26,0
DA:29,0
DA:30,0
DA:32,0
DA:36,0
DA:39,0
DA:40,0
DA:42,0
DA:46,0
DA:49,0
DA:50,0
DA:52,0
DA:56,0
DA:59,0
DA:60,0
DA:62,0
DA:66,0
DA:69,0
DA:70,0
DA:72,0
LF:25
LH:0
end_of_record
SF:lib/features/realizar_pedido/data/repositories/pedido_repository_impl.dart
DA:8,0
DA:12,0
DA:15,0
DA:16,0
DA:18,0
LF:5
LH:0
end_of_record
SF:lib/features/realizar_pedido/domain/usecases/search_cliente_por_telefone_usecase.dart
DA:7,1
DA:11,1
DA:14,3
DA:15,1
DA:17,0
DA:25,1
LF:6
LH:5
end_of_record
SF:lib/features/realizar_pedido/domain/usecases/get_itens_cardapio_favoritos_usecase.dart
DA:8,1
DA:12,1
DA:15,3
DA:16,2
DA:17,1
DA:18,1
DA:20,2
DA:24,1
DA:26,1
DA:27,1
DA:30,2
DA:31,1
DA:32,2
DA:33,1
DA:34,2
DA:35,1
DA:36,1
DA:40,2
DA:41,1
DA:42,2
DA:43,1
DA:44,2
DA:45,1
DA:46,1
DA:50,4
DA:55,1
LF:26
LH:26
end_of_record
SF:lib/features/realizar_pedido/domain/usecases/get_categorias_disponiveis_usecase.dart
DA:9,1
DA:11,1
DA:14,2
DA:15,4
DA:16,1
DA:18,0
LF:6
LH:5
end_of_record
SF:lib/core/util/date_util.dart
DA:3,0
DA:4,0
DA:8,0
DA:9,0
DA:13,1
DA:14,1
DA:15,3
DA:16,1
DA:23,1
DA:24,1
DA:28,2
DA:29,2
DA:30,4
DA:32,4
DA:34,4
DA:35,3
DA:36,1
DA:37,4
DA:38,1
DA:41,2
DA:42,2
DA:43,3
DA:45,3
DA:47,2
DA:48,1
DA:51,2
DA:52,2
DA:53,3
DA:55,3
DA:59,1
LF:30
LH:26
end_of_record
